<?xml version="1.0" encoding="UTF-8"?>
<!-- Generated by org.testng.reporters.JUnitXMLReporter -->
<testsuite ignored="0" hostname="SSIIN-174.local" failures="0" tests="9" name="ParallelTestFirefox" time="21.155" errors="0" timestamp="2023-11-17T13:36:49 IST">
  <testcase classname="com.jobma.qa.test.PositionsPageTest" name="createJobTest" time="0.0">
    <skipped/>
  </testcase> <!-- createJobTest -->
  <testcase classname="com.jobma.qa.test.PositionsPageTest" name="quickInviteTest" time="0.0">
    <skipped/>
  </testcase> <!-- quickInviteTest -->
  <testcase classname="com.jobma.qa.test.PositionsPageTest" name="jobConfigurationPageDisplayTest" time="0.0">
    <skipped/>
  </testcase> <!-- jobConfigurationPageDisplayTest -->
  <testcase classname="com.jobma.qa.test.PositionsPageTest" name="setConfigurationTest" time="0.0">
    <skipped/>
  </testcase> <!-- setConfigurationTest -->
  <testcase classname="com.jobma.qa.test.PositionsPageTest" name="addQuestionBtnTest1" time="0.0">
    <skipped/>
  </testcase> <!-- addQuestionBtnTest1 -->
  <testcase classname="com.jobma.qa.test.PositionsPageTest" name="clickOnCancelBtnOnJobConfigurationPageTest" time="0.0">
    <skipped/>
  </testcase> <!-- clickOnCancelBtnOnJobConfigurationPageTest -->
  <testcase classname="com.jobma.qa.test.PositionsPageTest" name="clickOnAddNewInterviewKitBtnTest" time="0.0">
    <skipped/>
  </testcase> <!-- clickOnAddNewInterviewKitBtnTest -->
  <testcase classname="com.jobma.qa.test.PositionsPageTest" name="clickOnAddMoreAboutPositionTest" time="0.0">
    <skipped/>
  </testcase> <!-- clickOnAddMoreAboutPositionTest -->
  <testcase classname="com.jobma.qa.test.PositionsPageTest" name="cloneJobTest" time="0.0">
    <skipped/>
  </testcase> <!-- cloneJobTest -->
</testsuite> <!-- ParallelTestFirefox -->
