<?xml version="1.0" encoding="UTF-8"?>
<!-- Generated by org.testng.reporters.JUnitXMLReporter -->
<testsuite ignored="0" hostname="SSIIN-174.local" failures="0" tests="9" name="Test1" time="8.376" errors="0" timestamp="2023-11-02T15:48:27 IST">
  <testcase classname="com.jobma.qa.test.PositionsPageTest" name="@BeforeTest setup" time="8.097">
    <failure type="org.openqa.selenium.NoSuchWindowException" message="Browsing context has been discarded
Build info: version: &amp;apos;4.12.1&amp;apos;, revision: &amp;apos;8e34639b11&amp;apos;
System info: os.name: &amp;apos;Mac OS X&amp;apos;, os.arch: &amp;apos;x86_64&amp;apos;, os.version: &amp;apos;13.5.2&amp;apos;, java.version: &amp;apos;18&amp;apos;
Driver info: org.openqa.selenium.firefox.FirefoxDriver
Command: [069fea1a-4044-4dea-89c0-cbda7195eb60, findElement {using=xpath, value=(//input[@id=&amp;apos;jobma_user_name&amp;apos;])[1]}]
Capabilities {acceptInsecureCerts: true, browserName: firefox, browserVersion: 119.0, moz:accessibilityChecks: false, moz:buildID: 20231019122658, moz:debuggerAddress: 127.0.0.1:30559, moz:geckodriverVersion: 0.33.0, moz:headless: false, moz:platformVersion: 22.6.0, moz:processID: 47904, moz:profile: /var/folders/4k/x03y6tk551b..., moz:shutdownTimeout: 60000, moz:webdriverClick: true, moz:windowless: false, pageLoadStrategy: normal, platformName: mac, proxy: Proxy(), se:cdp: ws://127.0.0.1:30559/devtoo..., se:cdpVersion: 85.0, setWindowRect: true, strictFileInteractability: false, timeouts: {implicit: 0, pageLoad: 300000, script: 30000}, unhandledPromptBehavior: dismiss and notify}
Session ID: 069fea1a-4044-4dea-89c0-cbda7195eb60">
      <![CDATA[org.openqa.selenium.NoSuchWindowException: Browsing context has been discarded
Build info: version: '4.12.1', revision: '8e34639b11'
System info: os.name: 'Mac OS X', os.arch: 'x86_64', os.version: '13.5.2', java.version: '18'
Driver info: org.openqa.selenium.firefox.FirefoxDriver
Command: [069fea1a-4044-4dea-89c0-cbda7195eb60, findElement {using=xpath, value=(//input[@id='jobma_user_name'])[1]}]
Capabilities {acceptInsecureCerts: true, browserName: firefox, browserVersion: 119.0, moz:accessibilityChecks: false, moz:buildID: 20231019122658, moz:debuggerAddress: 127.0.0.1:30559, moz:geckodriverVersion: 0.33.0, moz:headless: false, moz:platformVersion: 22.6.0, moz:processID: 47904, moz:profile: /var/folders/4k/x03y6tk551b..., moz:shutdownTimeout: 60000, moz:webdriverClick: true, moz:windowless: false, pageLoadStrategy: normal, platformName: mac, proxy: Proxy(), se:cdp: ws://127.0.0.1:30559/devtoo..., se:cdpVersion: 85.0, setWindowRect: true, strictFileInteractability: false, timeouts: {implicit: 0, pageLoad: 300000, script: 30000}, unhandledPromptBehavior: dismiss and notify}
Session ID: 069fea1a-4044-4dea-89c0-cbda7195eb60
at org.openqa.selenium.remote.codec.w3c.W3CHttpResponseCodec.createException(W3CHttpResponseCodec.java:200)
at org.openqa.selenium.remote.codec.w3c.W3CHttpResponseCodec.decode(W3CHttpResponseCodec.java:133)
at org.openqa.selenium.remote.codec.w3c.W3CHttpResponseCodec.decode(W3CHttpResponseCodec.java:52)
at org.openqa.selenium.remote.HttpCommandExecutor.execute(HttpCommandExecutor.java:191)
at org.openqa.selenium.remote.service.DriverCommandExecutor.invokeExecute(DriverCommandExecutor.java:200)
at org.openqa.selenium.remote.service.DriverCommandExecutor.execute(DriverCommandExecutor.java:175)
at org.openqa.selenium.remote.RemoteWebDriver.execute(RemoteWebDriver.java:602)
at org.openqa.selenium.remote.ElementLocation$ElementFinder$2.findElement(ElementLocation.java:165)
at org.openqa.selenium.remote.ElementLocation.findElement(ElementLocation.java:59)
at org.openqa.selenium.remote.RemoteWebDriver.findElement(RemoteWebDriver.java:359)
at org.openqa.selenium.remote.RemoteWebDriver.findElement(RemoteWebDriver.java:353)
at org.openqa.selenium.support.pagefactory.DefaultElementLocator.findElement(DefaultElementLocator.java:69)
at org.openqa.selenium.support.pagefactory.internal.LocatingElementHandler.invoke(LocatingElementHandler.java:38)
at jdk.proxy2/jdk.proxy2.$Proxy13.sendKeys(Unknown Source)
at com.jobma.qa.pages.LoginPage.login(LoginPage.java:55)
at com.jobma.qa.test.PositionsPageTest.setup(PositionsPageTest.java:51)
... Removed 25 stack frames]]>
    </failure>
  </testcase> <!-- @BeforeTest setup -->
  <testcase classname="com.jobma.qa.test.PositionsPageTest" name="createJobTest" time="0.001">
    <skipped/>
  </testcase> <!-- createJobTest -->
  <testcase classname="com.jobma.qa.test.PositionsPageTest" name="quickInviteTest" time="0.0">
    <skipped/>
  </testcase> <!-- quickInviteTest -->
  <testcase classname="com.jobma.qa.test.PositionsPageTest" name="jobConfigurationPageDisplayTest" time="0.0">
    <skipped/>
  </testcase> <!-- jobConfigurationPageDisplayTest -->
  <testcase classname="com.jobma.qa.test.PositionsPageTest" name="setConfigurationTest" time="0.0">
    <skipped/>
  </testcase> <!-- setConfigurationTest -->
  <testcase classname="com.jobma.qa.test.PositionsPageTest" name="addQuestionBtnTest1" time="0.0">
    <skipped/>
  </testcase> <!-- addQuestionBtnTest1 -->
  <testcase classname="com.jobma.qa.test.PositionsPageTest" name="clickOnCancelBtnOnJobConfigurationPageTest" time="0.0">
    <skipped/>
  </testcase> <!-- clickOnCancelBtnOnJobConfigurationPageTest -->
  <testcase classname="com.jobma.qa.test.PositionsPageTest" name="clickOnAddNewInterviewKitBtnTest" time="0.0">
    <skipped/>
  </testcase> <!-- clickOnAddNewInterviewKitBtnTest -->
  <testcase classname="com.jobma.qa.test.PositionsPageTest" name="clickOnAddMoreAboutPositionTest" time="0.0">
    <skipped/>
  </testcase> <!-- clickOnAddMoreAboutPositionTest -->
  <testcase classname="com.jobma.qa.test.PositionsPageTest" name="cloneJobTest" time="0.0">
    <skipped/>
  </testcase> <!-- cloneJobTest -->
</testsuite> <!-- Test1 -->
