<?xml version="1.0" encoding="UTF-8"?>
<!-- Generated by org.testng.reporters.JUnitXMLReporter -->
<testsuite ignored="0" hostname="SSIIN-174.local" failures="0" tests="24" name="TestInChrome" time="21.982" errors="0" timestamp="2023-11-03T17:11:11 IST">
  <testcase classname="com.jobma.qa.test.JobmaDashboardTest" name="@BeforeTest SettingsTest" time="21.364">
    <failure type="java.lang.AssertionError" message="expected [Jobma] but found [Login]">
      <![CDATA[java.lang.AssertionError: expected [Jobma] but found [Login]
at com.jobma.qa.pages.LoginPage.login(LoginPage.java:66)
at com.jobma.qa.test.JobmaDashboardTest.SettingsTest(JobmaDashboardTest.java:35)
at java.base/java.util.concurrent.FutureTask.run(FutureTask.java:264)
at java.base/java.util.concurrent.ThreadPoolExecutor.runWorker(ThreadPoolExecutor.java:1136)
at java.base/java.util.concurrent.ThreadPoolExecutor$Worker.run(ThreadPoolExecutor.java:635)
at java.base/java.lang.Thread.run(Thread.java:833)
... Removed 18 stack frames]]>
    </failure>
  </testcase> <!-- @BeforeTest SettingsTest -->
  <testcase classname="com.jobma.qa.test.JobmaDashboardTest" name="@BeforeTest SettingsTest" time="21.364">
    <failure type="java.lang.AssertionError" message="expected [Jobma] but found [Login]">
      <![CDATA[java.lang.AssertionError: expected [Jobma] but found [Login]
at com.jobma.qa.pages.LoginPage.login(LoginPage.java:66)
at com.jobma.qa.test.JobmaDashboardTest.SettingsTest(JobmaDashboardTest.java:35)
at java.base/java.util.concurrent.FutureTask.run(FutureTask.java:264)
at java.base/java.util.concurrent.ThreadPoolExecutor.runWorker(ThreadPoolExecutor.java:1136)
at java.base/java.util.concurrent.ThreadPoolExecutor$Worker.run(ThreadPoolExecutor.java:635)
at java.base/java.lang.Thread.run(Thread.java:833)
... Removed 18 stack frames]]>
    </failure>
  </testcase> <!-- @BeforeTest SettingsTest -->
  <testcase classname="com.jobma.qa.test.JobmaDashboardTest" name="@AfterMethod Close" time="0.0">
    <skipped/>
  </testcase> <!-- @AfterMethod Close -->
  <testcase classname="com.jobma.qa.test.JobmaDashboardTest" name="@AfterMethod Close" time="0.0">
    <skipped/>
  </testcase> <!-- @AfterMethod Close -->
  <testcase classname="com.jobma.qa.test.JobmaDashboardTest" name="@AfterMethod Close" time="0.0">
    <skipped/>
  </testcase> <!-- @AfterMethod Close -->
  <testcase classname="com.jobma.qa.test.JobmaDashboardTest" name="@AfterMethod Close" time="0.0">
    <skipped/>
  </testcase> <!-- @AfterMethod Close -->
  <testcase classname="com.jobma.qa.test.JobmaDashboardTest" name="@AfterMethod Close" time="0.0">
    <skipped/>
  </testcase> <!-- @AfterMethod Close -->
  <testcase classname="com.jobma.qa.test.JobmaDashboardTest" name="@AfterMethod Close" time="0.0">
    <skipped/>
  </testcase> <!-- @AfterMethod Close -->
  <testcase classname="com.jobma.qa.test.JobmaDashboardTest" name="@AfterMethod Close" time="0.0">
    <skipped/>
  </testcase> <!-- @AfterMethod Close -->
  <testcase classname="com.jobma.qa.test.JobmaDashboardTest" name="@AfterMethod Close" time="0.0">
    <skipped/>
  </testcase> <!-- @AfterMethod Close -->
  <testcase classname="com.jobma.qa.test.JobmaDashboardTest" name="@AfterMethod Close" time="0.0">
    <skipped/>
  </testcase> <!-- @AfterMethod Close -->
  <testcase classname="com.jobma.qa.test.JobmaDashboardTest" name="@AfterMethod Close" time="0.0">
    <skipped/>
  </testcase> <!-- @AfterMethod Close -->
  <testcase classname="com.jobma.qa.test.JobmaDashboardTest" name="@AfterMethod Close" time="0.0">
    <skipped/>
  </testcase> <!-- @AfterMethod Close -->
  <testcase classname="com.jobma.qa.test.JobmaDashboardTest" name="@AfterMethod Close" time="0.0">
    <skipped/>
  </testcase> <!-- @AfterMethod Close -->
  <testcase classname="com.jobma.qa.test.JobmaDashboardTest" name="@AfterMethod Close" time="0.0">
    <skipped/>
  </testcase> <!-- @AfterMethod Close -->
  <testcase classname="com.jobma.qa.test.JobmaDashboardTest" name="@AfterMethod Close" time="0.0">
    <skipped/>
  </testcase> <!-- @AfterMethod Close -->
  <testcase classname="com.jobma.qa.test.JobmaDashboardTest" name="@AfterMethod Close" time="0.0">
    <skipped/>
  </testcase> <!-- @AfterMethod Close -->
  <testcase classname="com.jobma.qa.test.JobmaDashboardTest" name="@AfterMethod Close" time="0.0">
    <skipped/>
  </testcase> <!-- @AfterMethod Close -->
  <testcase classname="com.jobma.qa.test.JobmaDashboardTest" name="@AfterMethod Close" time="0.0">
    <skipped/>
  </testcase> <!-- @AfterMethod Close -->
  <testcase classname="com.jobma.qa.test.JobmaDashboardTest" name="@AfterMethod Close" time="0.0">
    <skipped/>
  </testcase> <!-- @AfterMethod Close -->
  <testcase classname="com.jobma.qa.test.JobmaDashboardTest" name="@AfterMethod Close" time="0.0">
    <skipped/>
  </testcase> <!-- @AfterMethod Close -->
  <testcase classname="com.jobma.qa.test.JobmaDashboardTest" name="@AfterMethod Close" time="0.0">
    <skipped/>
  </testcase> <!-- @AfterMethod Close -->
  <testcase classname="com.jobma.qa.test.JobmaDashboardTest" name="@AfterMethod Close" time="0.0">
    <skipped/>
  </testcase> <!-- @AfterMethod Close -->
  <testcase classname="com.jobma.qa.test.JobmaDashboardTest" name="@AfterMethod Close" time="0.0">
    <skipped/>
  </testcase> <!-- @AfterMethod Close -->
  <testcase classname="com.jobma.qa.test.JobmaDashboardTest" name="@AfterMethod Close" time="0.0">
    <skipped/>
  </testcase> <!-- @AfterMethod Close -->
  <testcase classname="com.jobma.qa.test.JobmaDashboardTest" name="@AfterMethod Close" time="0.0">
    <skipped/>
  </testcase> <!-- @AfterMethod Close -->
  <testcase classname="com.jobma.qa.test.JobmaDashboardTest" name="@AfterMethod Close" time="0.0">
    <skipped/>
  </testcase> <!-- @AfterMethod Close -->
  <testcase classname="com.jobma.qa.test.JobmaDashboardTest" name="@AfterMethod Close" time="0.0">
    <skipped/>
  </testcase> <!-- @AfterMethod Close -->
  <testcase classname="com.jobma.qa.test.JobmaDashboardTest" name="@AfterMethod Close" time="0.0">
    <skipped/>
  </testcase> <!-- @AfterMethod Close -->
  <testcase classname="com.jobma.qa.test.JobmaDashboardTest" name="@AfterMethod Close" time="0.0">
    <skipped/>
  </testcase> <!-- @AfterMethod Close -->
  <testcase classname="com.jobma.qa.test.JobmaDashboardTest" name="@AfterMethod Close" time="0.0">
    <skipped/>
  </testcase> <!-- @AfterMethod Close -->
  <testcase classname="com.jobma.qa.test.JobmaDashboardTest" name="@AfterMethod Close" time="0.0">
    <skipped/>
  </testcase> <!-- @AfterMethod Close -->
  <testcase classname="com.jobma.qa.test.JobmaDashboardTest" name="@AfterMethod Close" time="0.0">
    <skipped/>
  </testcase> <!-- @AfterMethod Close -->
  <testcase classname="com.jobma.qa.test.JobmaDashboardTest" name="@AfterMethod Close" time="0.0">
    <skipped/>
  </testcase> <!-- @AfterMethod Close -->
  <testcase classname="com.jobma.qa.test.JobmaDashboardTest" name="@AfterMethod Close" time="0.0">
    <skipped/>
  </testcase> <!-- @AfterMethod Close -->
  <testcase classname="com.jobma.qa.test.JobmaDashboardTest" name="@AfterMethod Close" time="0.0">
    <skipped/>
  </testcase> <!-- @AfterMethod Close -->
  <testcase classname="com.jobma.qa.test.JobmaDashboardTest" name="@AfterMethod Close" time="0.0">
    <skipped/>
  </testcase> <!-- @AfterMethod Close -->
  <testcase classname="com.jobma.qa.test.JobmaDashboardTest" name="@AfterMethod Close" time="0.0">
    <skipped/>
  </testcase> <!-- @AfterMethod Close -->
  <testcase classname="com.jobma.qa.test.JobmaDashboardTest" name="@AfterMethod Close" time="0.0">
    <skipped/>
  </testcase> <!-- @AfterMethod Close -->
  <testcase classname="com.jobma.qa.test.JobmaDashboardTest" name="@AfterMethod Close" time="0.0">
    <skipped/>
  </testcase> <!-- @AfterMethod Close -->
  <testcase classname="com.jobma.qa.test.JobmaDashboardTest" name="@AfterMethod Close" time="0.0">
    <skipped/>
  </testcase> <!-- @AfterMethod Close -->
  <testcase classname="com.jobma.qa.test.JobmaDashboardTest" name="@AfterMethod Close" time="0.0">
    <skipped/>
  </testcase> <!-- @AfterMethod Close -->
  <testcase classname="com.jobma.qa.test.JobmaDashboardTest" name="@AfterMethod Close" time="0.0">
    <skipped/>
  </testcase> <!-- @AfterMethod Close -->
  <testcase classname="com.jobma.qa.test.JobmaDashboardTest" name="@AfterMethod Close" time="0.0">
    <skipped/>
  </testcase> <!-- @AfterMethod Close -->
  <testcase classname="com.jobma.qa.test.JobmaDashboardTest" name="@AfterMethod Close" time="0.0">
    <skipped/>
  </testcase> <!-- @AfterMethod Close -->
  <testcase classname="com.jobma.qa.test.JobmaDashboardTest" name="@AfterMethod Close" time="0.0">
    <skipped/>
  </testcase> <!-- @AfterMethod Close -->
  <testcase classname="com.jobma.qa.test.JobmaDashboardTest" name="@AfterMethod Close" time="0.0">
    <skipped/>
  </testcase> <!-- @AfterMethod Close -->
  <testcase classname="com.jobma.qa.test.JobmaDashboardTest" name="@AfterMethod Close" time="0.0">
    <skipped/>
  </testcase> <!-- @AfterMethod Close -->
  <testcase classname="com.jobma.qa.test.JobmaDashboardTest" name="@AfterMethod Close" time="0.0">
    <skipped/>
  </testcase> <!-- @AfterMethod Close -->
  <testcase classname="com.jobma.qa.test.JobmaDashboardTest" name="@AfterMethod Close" time="0.0">
    <skipped/>
  </testcase> <!-- @AfterMethod Close -->
  <testcase classname="com.jobma.qa.test.JobmaDashboardTest" name="clickOnEvaluateMOduleTest" time="0.0">
    <skipped/>
  </testcase> <!-- clickOnEvaluateMOduleTest -->
  <testcase classname="com.jobma.qa.test.JobmaDashboardTest" name="verifyCompanyLogoTest" time="0.0">
    <skipped/>
  </testcase> <!-- verifyCompanyLogoTest -->
  <testcase classname="com.jobma.qa.test.JobmaDashboardTest" name="clickOnPositionsTest" time="0.0">
    <skipped/>
  </testcase> <!-- clickOnPositionsTest -->
  <testcase classname="com.jobma.qa.test.JobmaDashboardTest" name="clickOnSetupInterviewModuleTest" time="0.0">
    <skipped/>
  </testcase> <!-- clickOnSetupInterviewModuleTest -->
  <testcase classname="com.jobma.qa.test.JobmaDashboardTest" name="clickOnApplicantModuleTest" time="0.0">
    <skipped/>
  </testcase> <!-- clickOnApplicantModuleTest -->
  <testcase classname="com.jobma.qa.test.JobmaDashboardTest" name="clickOnSubaccountsModuleTest" time="0.0">
    <skipped/>
  </testcase> <!-- clickOnSubaccountsModuleTest -->
  <testcase classname="com.jobma.qa.test.JobmaDashboardTest" name="clickOnReportsModuleTest" time="0.0">
    <skipped/>
  </testcase> <!-- clickOnReportsModuleTest -->
  <testcase classname="com.jobma.qa.test.JobmaDashboardTest" name="clickOnIntegrationModuleTest" time="0.0">
    <skipped/>
  </testcase> <!-- clickOnIntegrationModuleTest -->
  <testcase classname="com.jobma.qa.test.JobmaDashboardTest" name="clickOnBillingsModuleTest" time="0.0">
    <skipped/>
  </testcase> <!-- clickOnBillingsModuleTest -->
  <testcase classname="com.jobma.qa.test.JobmaDashboardTest" name="clickOnCreditsBtnTest" time="0.0">
    <skipped/>
  </testcase> <!-- clickOnCreditsBtnTest -->
  <testcase classname="com.jobma.qa.test.JobmaDashboardTest" name="clickOnGetstartedBtnTest" time="0.0">
    <skipped/>
  </testcase> <!-- clickOnGetstartedBtnTest -->
  <testcase classname="com.jobma.qa.test.JobmaDashboardTest" name="clickOnPlanBtnTest" time="0.0">
    <skipped/>
  </testcase> <!-- clickOnPlanBtnTest -->
  <testcase classname="com.jobma.qa.test.JobmaDashboardTest" name="clickOnScheduleInterviewBtnTest" time="0.0">
    <skipped/>
  </testcase> <!-- clickOnScheduleInterviewBtnTest -->
  <testcase classname="com.jobma.qa.test.JobmaDashboardTest" name="clickOnCreateanInterviewBtnTest" time="0.0">
    <skipped/>
  </testcase> <!-- clickOnCreateanInterviewBtnTest -->
  <testcase classname="com.jobma.qa.test.JobmaDashboardTest" name="clickOnTrackInterviewsBtnTest" time="0.0">
    <skipped/>
  </testcase> <!-- clickOnTrackInterviewsBtnTest -->
  <testcase classname="com.jobma.qa.test.JobmaDashboardTest" name="clickOnEvaluateBtnTest" time="0.0">
    <skipped/>
  </testcase> <!-- clickOnEvaluateBtnTest -->
  <testcase classname="com.jobma.qa.test.JobmaDashboardTest" name="clickOnViewallBtnOfInterviewsInvitationsTest" time="0.0">
    <skipped/>
  </testcase> <!-- clickOnViewallBtnOfInterviewsInvitationsTest -->
  <testcase classname="com.jobma.qa.test.JobmaDashboardTest" name="clickOnViewallOfPostedJobsTest" time="0.0">
    <skipped/>
  </testcase> <!-- clickOnViewallOfPostedJobsTest -->
  <testcase classname="com.jobma.qa.test.JobmaDashboardTest" name="clickOnViewallOfRecentInvitationsTest" time="0.0">
    <skipped/>
  </testcase> <!-- clickOnViewallOfRecentInvitationsTest -->
  <testcase classname="com.jobma.qa.test.JobmaDashboardTest" name="clickOnViewallOfUcomingInterviewsTest" time="0.0">
    <skipped/>
  </testcase> <!-- clickOnViewallOfUcomingInterviewsTest -->
  <testcase classname="com.jobma.qa.test.JobmaDashboardTest" name="clickOnViewallOfRecentApplicantsTest" time="0.0">
    <skipped/>
  </testcase> <!-- clickOnViewallOfRecentApplicantsTest -->
  <testcase classname="com.jobma.qa.test.JobmaDashboardTest" name="clickOnViewallOfAwitingDecisonsTest" time="0.0">
    <skipped/>
  </testcase> <!-- clickOnViewallOfAwitingDecisonsTest -->
  <testcase classname="com.jobma.qa.test.JobmaDashboardTest" name="clickOnViewallOfRecentActivityTest" time="0.0">
    <skipped/>
  </testcase> <!-- clickOnViewallOfRecentActivityTest -->
  <testcase classname="com.jobma.qa.test.JobmaDashboardTest" name="clickOnSchedulingToolTest" time="0.0">
    <skipped/>
  </testcase> <!-- clickOnSchedulingToolTest -->
</testsuite> <!-- TestInChrome -->
